#
# There is insufficient memory for the Java Runtime Environment to continue.
# Native memory allocation (mmap) failed to map 268435456 bytes for Failed to commit area from 0x0000000700a00000 to 0x0000000710a00000 of length 268435456.
# Possible reasons:
#   The system is out of physical RAM or swap space
#   The process is running with CompressedOops enabled, and the Java Heap may be blocking the growth of the native heap
# Possible solutions:
#   Reduce memory load on the system
#   Increase physical memory or swap space
#   Check if swap backing store is full
#   Decrease Java heap size (-Xmx/-Xms)
#   Decrease number of Java threads
#   Decrease Java thread stack sizes (-Xss)
#   Set larger code cache with -XX:ReservedCodeCacheSize=
# This output file may be truncated or incomplete.
#
#  Out of Memory Error (src/hotspot/os/windows/os_windows.cpp:3627), pid=20056, tid=13524
#
# JRE version:  (11.0.15) (build )
# Java VM: OpenJDK 64-Bit Server VM (11.0.15+0-b2043.56-9505619, mixed mode, sharing, tiered, compressed oops, g1 gc, windows-amd64)
# No core dump will be written. Minidumps are not enabled by default on client versions of Windows
#

---------------  S U M M A R Y ------------

Command Line: git4idea.http.GitAskPassApp Username for 'https://github.com': 

Host: Intel(R) Core(TM) i5-7500 CPU @ 3.40GHz, 4 cores, 15G,  Windows 10 , 64 bit Build 19041 (10.0.19041.2546)
Time: Wed Apr 12 23:57:55 2023 RTZ 2 (s 10 , 64 bit Build 19041 (10.0.19041.2546) elapsed time: 0.012706 seconds (0d 0h 0m 0s)

---------------  T H R E A D  ---------------

Current thread (0x000001c2b71f6000):  JavaThread "Unknown thread" [_thread_in_vm, id=13524, stack(0x0000003772f00000,0x0000003773000000)]

Stack: [0x0000003772f00000,0x0000003773000000]
Native frames: (J=compiled Java code, j=interpreted, Vv=VM code, C=native code)
V  [jvm.dll+0x64135a]
V  [jvm.dll+0x7d39f9]
V  [jvm.dll+0x7d51b9]
V  [jvm.dll+0x7d58a3]
V  [jvm.dll+0x2691c5]
V  [jvm.dll+0x63e4e9]
V  [jvm.dll+0x632985]
V  [jvm.dll+0x3231ac]
V  [jvm.dll+0x323032]
V  [jvm.dll+0x327c06]
V  [jvm.dll+0x36ffa2]
V  [jvm.dll+0x36fa01]
V  [jvm.dll+0x2fea28]
V  [jvm.dll+0x2ffb25]
V  [jvm.dll+0x7accd7]
V  [jvm.dll+0x7ae49f]
V  [jvm.dll+0x37d299]
V  [jvm.dll+0x78ef9f]
V  [jvm.dll+0x3ec847]
V  [jvm.dll+0x3eed31]
C  [jli.dll+0x52cb]
C  [ucrtbase.dll+0x21bb2]
C  [KERNEL32.DLL+0x17614]
C  [ntdll.dll+0x526a1]


---------------  P R O C E S S  ---------------

Threads class SMR info:
_java_thread_list=0x000001c2b5039560, length=0, elements={
}

Java Threads: ( => current thread )

Other Threads:
  0x000001c2b720d800 GCTaskThread "GC Thread#0" [stack: 0x0000003773000000,0x0000003773100000] [id=8244]
  0x000001c2b726a800 ConcurrentGCThread "G1 Main Marker" [stack: 0x0000003773100000,0x0000003773200000] [id=15880]
  0x000001c2b726c000 ConcurrentGCThread "G1 Conc#0" [stack: 0x0000003773200000,0x0000003773300000] [id=23640]

[error occurred during error reporting (printing all threads), id 0xc0000005, EXCEPTION_ACCESS_VIOLATION (0xc0000005) at pc=0x00007ffeae94f3e7]

VM state:not at safepoint (not fully initialized)

VM Mutex/Monitor currently owned by a thread:  ([mutex/lock_event])
[0x000001c2b71f2b80] Heap_lock - owner thread: 0x000001c2b71f6000

Heap address: 0x0000000700a00000, size: 4086 MB, Compressed Oops mode: Non-zero based: 0x0000000700a00000
Narrow klass base: 0x0000000000000000, Narrow klass shift: 0

GC Heap History (0 events):
No events

Deoptimization events (0 events):
No events

Classes redefined (0 events):
No events

Internal exceptions (0 events):
No events

Events (1 events):
Event: 0.007 Loaded shared library C:\Program Files\Android\Android Studio\jbr\bin\zip.dll


Dynamic libraries:
0x00007ff693740000 - 0x00007ff69374a000 	C:\Program Files\Android\Android Studio\jbr\bin\java.exe
0x00007ffefbbb0000 - 0x00007ffefbda8000 	C:\WINDOWS\SYSTEM32\ntdll.dll
0x00007ffefb1e0000 - 0x00007ffefb29f000 	C:\WINDOWS\System32\KERNEL32.DLL
0x00007ffef98f0000 - 0x00007ffef9bc2000 	C:\WINDOWS\System32\KERNELBASE.dll
0x00007ffef9570000 - 0x00007ffef9670000 	C:\WINDOWS\System32\ucrtbase.dll
0x00007ffeecdb0000 - 0x00007ffeecdc7000 	C:\Program Files\Android\Android Studio\jbr\bin\jli.dll
0x00007ffeecba0000 - 0x00007ffeecbbb000 	C:\Program Files\Android\Android Studio\jbr\bin\VCRUNTIME140.dll
0x00007ffefae40000 - 0x00007ffefafe1000 	C:\WINDOWS\System32\USER32.dll
0x00007ffef92d0000 - 0x00007ffef92f2000 	C:\WINDOWS\System32\win32u.dll
0x00007ffef7f00000 - 0x00007ffef819a000 	C:\WINDOWS\WinSxS\amd64_microsoft.windows.common-controls_6595b64144ccf1df_6.0.19041.1110_none_60b5254171f9507e\COMCTL32.dll
0x00007ffefaff0000 - 0x00007ffefb01b000 	C:\WINDOWS\System32\GDI32.dll
0x00007ffef97e0000 - 0x00007ffef98ef000 	C:\WINDOWS\System32\gdi32full.dll
0x00007ffef9eb0000 - 0x00007ffef9f4e000 	C:\WINDOWS\System32\msvcrt.dll
0x00007ffef9300000 - 0x00007ffef939d000 	C:\WINDOWS\System32\msvcp_win.dll
0x00007ffefa130000 - 0x00007ffefa160000 	C:\WINDOWS\System32\IMM32.DLL
0x00007ffef7000000 - 0x00007ffef700c000 	C:\Program Files\Android\Android Studio\jbr\bin\vcruntime140_1.dll
0x00007ffee5e80000 - 0x00007ffee5f0d000 	C:\Program Files\Android\Android Studio\jbr\bin\msvcp140.dll
0x00007ffeae640000 - 0x00007ffeaf1fc000 	C:\Program Files\Android\Android Studio\jbr\bin\server\jvm.dll
0x00007ffefb080000 - 0x00007ffefb12e000 	C:\WINDOWS\System32\ADVAPI32.dll
0x00007ffef9f50000 - 0x00007ffef9fec000 	C:\WINDOWS\System32\sechost.dll
0x00007ffef9ff0000 - 0x00007ffefa114000 	C:\WINDOWS\System32\RPCRT4.dll
0x00007ffefa6e0000 - 0x00007ffefa6e8000 	C:\WINDOWS\System32\PSAPI.DLL
0x00007ffed2ab0000 - 0x00007ffed2ab9000 	C:\WINDOWS\SYSTEM32\WSOCK32.dll
0x00007ffef7730000 - 0x00007ffef7757000 	C:\WINDOWS\SYSTEM32\WINMM.dll
0x00007ffef3320000 - 0x00007ffef332a000 	C:\WINDOWS\SYSTEM32\VERSION.dll
0x00007ffefa6f0000 - 0x00007ffefa75b000 	C:\WINDOWS\System32\WS2_32.dll
0x00007ffef7070000 - 0x00007ffef7082000 	C:\WINDOWS\SYSTEM32\kernel.appcore.dll
0x00007ffef4200000 - 0x00007ffef4210000 	C:\Program Files\Android\Android Studio\jbr\bin\verify.dll
0x00007ffee5fa0000 - 0x00007ffee6184000 	C:\WINDOWS\SYSTEM32\DBGHELP.DLL
0x00007ffec92d0000 - 0x00007ffec9305000 	C:\WINDOWS\SYSTEM32\dbgcore.DLL
0x00007ffef9670000 - 0x00007ffef96f2000 	C:\WINDOWS\System32\bcryptPrimitives.dll
0x00007ffef0c60000 - 0x00007ffef0c88000 	C:\Program Files\Android\Android Studio\jbr\bin\java.dll
0x00007ffef41f0000 - 0x00007ffef41fa000 	C:\Program Files\Android\Android Studio\jbr\bin\jimage.dll
0x00007ffef36c0000 - 0x00007ffef36d8000 	C:\Program Files\Android\Android Studio\jbr\bin\zip.dll

dbghelp: loaded successfully - version: 4.0.5 - missing functions: none
symbol engine: initialized successfully - sym options: 0x614 - pdb path: .;C:\Program Files\Android\Android Studio\jbr\bin;C:\WINDOWS\SYSTEM32;C:\WINDOWS\WinSxS\amd64_microsoft.windows.common-controls_6595b64144ccf1df_6.0.19041.1110_none_60b5254171f9507e;C:\Program Files\Android\Android Studio\jbr\bin\server

VM Arguments:
java_command: git4idea.http.GitAskPassApp Username for 'https://github.com': 
java_class_path (initial): C:/Program Files/Android/Android Studio/plugins/git4idea/lib/git4idea-rt.jar;C:/Program Files/Android/Android Studio/lib/externalProcess-rt.jar;C:/Program Files/Android/Android Studio/lib/app.jar;C:/Program Files/Android/Android Studio/lib/3rd-party-rt.jar
Launcher Type: SUN_STANDARD

[Global flags]
     intx CICompilerCount                          = 3                                         {product} {ergonomic}
     uint ConcGCThreads                            = 1                                         {product} {ergonomic}
     uint G1ConcRefinementThreads                  = 4                                         {product} {ergonomic}
   size_t G1HeapRegionSize                         = 1048576                                   {product} {ergonomic}
    uintx GCDrainStackTargetSize                   = 64                                        {product} {ergonomic}
   size_t InitialHeapSize                          = 268435456                                 {product} {ergonomic}
   size_t MarkStackSize                            = 4194304                                   {product} {ergonomic}
   size_t MaxHeapSize                              = 4284481536                                {product} {ergonomic}
   size_t MinHeapDeltaBytes                        = 1048576                                   {product} {ergonomic}
    uintx NonNMethodCodeHeapSize                   = 5830732                                {pd product} {ergonomic}
    uintx NonProfiledCodeHeapSize                  = 122913754                              {pd product} {ergonomic}
    uintx ProfiledCodeHeapSize                     = 122913754                              {pd product} {ergonomic}
    uintx ReservedCodeCacheSize                    = 251658240                              {pd product} {ergonomic}
     bool SegmentedCodeCache                       = true                                      {product} {ergonomic}
     bool UseCompressedClassPointers               = true                                 {lp64_product} {ergonomic}
     bool UseCompressedOops                        = true                                 {lp64_product} {ergonomic}
     bool UseG1GC                                  = true                                      {product} {ergonomic}
     bool UseLargePagesIndividualAllocation        = false                                  {pd product} {ergonomic}

Logging:
Log output configuration:
 #0: stdout all=warning uptime,level,tags
 #1: stderr all=off uptime,level,tags

Environment Variables:
PATH=C:\Program Files\Git\mingw64\libexec\git-core;C:\Program Files\Git\mingw64\libexec\git-core;C:\Program Files\Git\mingw64\bin;C:\Program Files\Git\usr\bin;C:\Users\Артемий\bin;C:\Program Files\Common Files\Oracle\Java\javapath;C:\ProgramData\Oracle\Java\javapath;C:\Program Files (x86)\Common Files\Intel\Shared Libraries\redist\intel64\compiler;C:\Windows\system32;C:\Windows;C:\Windows\System32\Wbem;C:\Windows\System32\WindowsPowerShell\v1.0;C:\WINDOWS\system32;C:\WINDOWS;C:\WINDOWS\System32\Wbem;C:\WINDOWS\System32\WindowsPowerShell\v1.0;C:\Android;C:\WINDOWS\System32\OpenSSH;C:\WINDOWS\system32;C:\WINDOWS;C:\WINDOWS\System32\Wbem;C:\WINDOWS\System32\WindowsPowerShell\v1.0;C:\WINDOWS\System32\OpenSSH;C:\Program Files\Microsoft SQL Server\130\Tools\Binn;C:\Program Files\Microsoft SQL Server\Client SDK\ODBC\110\Tools\Binn;C:\Program Files (x86)\Microsoft SQL Server\120\Tools\Binn;C:\Program Files\Microsoft SQL Server\120\Tools\Binn;C:\Program Files\Microsoft SQL Server\120\DTS\Binn;C:\Program Files (x86)\Windows Kits\8.1\Windows Performance Toolkit;C:\Program Files\dotnet;C;C:\Program Files\Cloudflare\Cloudflare WARP;C:\Program Files\WireGuard;C:\Program Files (x86)\NVIDIA Corporation\PhysX\Common;C:\Program Files\NVIDIA Corporation\NVIDIA NvDLISR;D:\Program Files\Airshipper;C:\Program Files\Git\cmd;C:\Program Files\Go\bin;C:\Users\Артемий\AppData\Local\Programs\Python\Python39\Scripts;C:\Users\Артемий\AppData\Local\Programs\Python\Python39;C:\Users\Артемий\AppData\Local\Programs\Python\Launcher;C:\Users\Артемий\AppData\Local\Microsoft\WindowsApps;D:\Users\Артемий\AppData\Local\Programs\Microsoft VS Code\bin;C:\Users\Артемий\go\bin
USERNAME=Артемий
DISPLAY=:0.0
LC_ALL=en_US.UTF-8
OS=Windows_NT
PROCESSOR_IDENTIFIER=Intel64 Family 6 Model 158 Stepping 9, GenuineIntel



---------------  S Y S T E M  ---------------

OS: Windows 10 , 64 bit Build 19041 (10.0.19041.2546)
OS uptime: 19 days 2:15 hours

CPU:total 4 (initial active 4) (4 cores per cpu, 1 threads per core) family 6 model 158 stepping 9 microcode 0xb4, cmov, cx8, fxsr, mmx, sse, sse2, sse3, ssse3, sse4.1, sse4.2, popcnt, avx, avx2, aes, clmul, erms, rtm, 3dnowpref, lzcnt, tsc, tscinvbit, bmi1, bmi2, adx, fma

Memory: 4k page, system-wide physical 16341M (4090M free)
TotalPageFile size 18389M (AvailPageFile size 183M)
current process WorkingSet (physical memory assigned to process): 10M, peak: 10M
current process commit charge ("private bytes"): 52M, peak: 308M

vm_info: OpenJDK 64-Bit Server VM (11.0.15+0-b2043.56-9505619) for windows-amd64 JRE (11.0.15+0-b2043.56-9505619), built on Jan 19 2023 02:48:00 by "builduser" with unknown MS VC++:1929

END.
